<?xml version="1.0" encoding="UTF-8"?>
<!-- Generated by org.testng.reporters.JUnitReportReporter -->
<testsuite skipped="0" hostname="Kyles-MacBook-Pro-2.local" name="tests.Expedia" tests="1" failures="0" timestamp="03 May 2018 23:40:25 GMT" time="9.747" errors="0">
  <testcase name="hotelReservation" time="9.747" classname="tests.Expedia"/>
</testsuite> <!-- tests.Expedia -->
