<?xml version="1.0" encoding="UTF-8"?>
<!-- Generated by org.testng.reporters.JUnitReportReporter -->
<testsuite skipped="0" hostname="Kyles-MacBook-Pro-2.local" name="tests.Expedia" tests="1" failures="0" timestamp="04 May 2018 03:30:57 GMT" time="15.076" errors="0">
  <testcase name="hotelReservation" time="15.076" classname="tests.Expedia"/>
</testsuite> <!-- tests.Expedia -->
