<?xml version="1.0" encoding="UTF-8"?>
<!-- Generated by org.testng.reporters.JUnitReportReporter -->
<testsuite skipped="0" hostname="Kyles-MacBook-Pro-2.local" name="tests.Expedia" tests="1" failures="0" timestamp="12 May 2018 16:17:01 GMT" time="18.407" errors="0">
  <testcase name="hotelReservation" time="18.407" classname="tests.Expedia"/>
</testsuite> <!-- tests.Expedia -->
