<?xml version="1.0" encoding="UTF-8"?>
<!-- Generated by org.testng.reporters.JUnitReportReporter -->
<testsuite skipped="0" hostname="Kyles-MacBook-Pro-2.local" name="smoketests.ATagTest" tests="1" failures="0" timestamp="21 Apr 2018 16:51:23 GMT" time="2.624" errors="0">
  <testcase name="aTagsTest" time="2.624" classname="smoketests.ATagTest"/>
</testsuite> <!-- smoketests.ATagTest -->
