<?xml version="1.0" encoding="UTF-8"?>
<!-- Generated by org.testng.reporters.JUnitReportReporter -->
<testsuite skipped="0" hostname="Kyles-MacBook-Pro-2.local" name="smoketests.LoginTestNG" tests="1" failures="0" timestamp="22 Apr 2018 16:31:22 GMT" time="3.321" errors="0">
  <testcase name="loginElementsArePresent" time="3.321" classname="smoketests.LoginTestNG"/>
</testsuite> <!-- smoketests.LoginTestNG -->
