<?xml version="1.0" encoding="UTF-8"?>
<!-- Generated by org.testng.reporters.JUnitReportReporter -->
<testsuite skipped="0" hostname="Kyles-MacBook-Pro-2.local" name="tests.Expedia" tests="1" failures="0" timestamp="12 May 2018 16:49:20 GMT" time="22.339" errors="0">
  <testcase name="hotelReservation" time="22.339" classname="tests.Expedia"/>
</testsuite> <!-- tests.Expedia -->
