<?xml version="1.0" encoding="UTF-8"?>
<!-- Generated by org.testng.reporters.JUnitReportReporter -->
<testsuite skipped="0" hostname="Kyles-MacBook-Pro-2.local" name="smoketests.ATagTest" tests="1" failures="0" timestamp="22 Apr 2018 16:31:22 GMT" time="2.386" errors="0">
  <testcase name="aTagsTest" time="2.386" classname="smoketests.ATagTest"/>
</testsuite> <!-- smoketests.ATagTest -->
