<?xml version="1.0" encoding="UTF-8"?>
<!-- Generated by org.testng.reporters.JUnitReportReporter -->
<testsuite skipped="0" hostname="Kyles-MacBook-Pro-2.local" name="tests.LoginDDT" tests="4" failures="0" timestamp="01 May 2018 02:52:45 GMT" time="18.548" errors="0">
  <testcase name="loginTest" time="3.897" classname="tests.LoginDDT"/>
  <testcase name="loginTest" time="4.271" classname="tests.LoginDDT"/>
  <testcase name="loginTest" time="4.083" classname="tests.LoginDDT"/>
  <testcase name="loginTest" time="6.297" classname="tests.LoginDDT"/>
</testsuite> <!-- tests.LoginDDT -->
