<?xml version="1.0" encoding="UTF-8"?>
<!-- Generated by org.testng.reporters.JUnitReportReporter -->
<testsuite skipped="0" hostname="Kyles-MacBook-Pro-2.local" name="smoketests.LoginTestNG" tests="1" failures="0" timestamp="19 Apr 2018 22:55:10 GMT" time="4.176" errors="0">
  <testcase name="loginElementsArePresent" time="4.176" classname="smoketests.LoginTestNG"/>
</testsuite> <!-- smoketests.LoginTestNG -->
