<?xml version="1.0" encoding="UTF-8"?>
<!-- Generated by org.testng.reporters.JUnitReportReporter -->
<testsuite skipped="0" hostname="Kyles-MacBook-Pro-2.local" name="tests.Expedia" tests="1" failures="0" timestamp="11 May 2018 23:32:12 GMT" time="15.967" errors="0">
  <testcase name="hotelReservation" time="15.967" classname="tests.Expedia"/>
</testsuite> <!-- tests.Expedia -->
